Oct 30, 2016 3:35:58 PM main.Main loadFXML
INFO: Session started on: Sun Oct 30 15:35:58 BDT 2016
Oct 30, 2016 3:35:58 PM main.Main loadFXML
INFO:  Successfully loaded FXMLS
Oct 30, 2016 3:35:58 PM main.Main helperLoad
INFO: Initial and save dirs reset
Oct 30, 2016 3:42:28 PM main.Main main
INFO: Session ending on Sun Oct 30 15:42:28 BDT 2016
Oct 30, 2016 3:55:03 PM main.Main loadFXML
INFO: Session started on: Sun Oct 30 15:55:03 BDT 2016
Oct 30, 2016 3:55:03 PM main.Main loadFXML
INFO:  Successfully loaded FXMLS
Oct 30, 2016 3:55:03 PM main.Main loadStates
INFO: Initial and save dirs successfully loaded
Oct 30, 2016 3:55:08 PM main.Main main
INFO: Session ending on Sun Oct 30 15:55:08 BDT 2016
Oct 31, 2016 10:50:42 PM main.Main loadFXML
INFO: Session started on: Mon Oct 31 22:50:42 BDT 2016
Oct 31, 2016 10:50:42 PM main.Main loadFXML
INFO:  Successfully loaded FXMLS
Oct 31, 2016 10:50:42 PM main.Main loadStates
INFO: Initial and save dirs successfully loaded
Oct 31, 2016 11:31:04 PM main.Main loadFXML
INFO: Session started on: Mon Oct 31 23:31:04 BDT 2016
Oct 31, 2016 11:31:04 PM main.Main loadFXML
INFO:  Successfully loaded FXMLS
Oct 31, 2016 11:31:04 PM main.Main loadStates
INFO: Initial and save dirs successfully loaded
Oct 31, 2016 11:34:27 PM main.Main main
INFO: Session ending on Mon Oct 31 23:34:27 BDT 2016
Oct 31, 2016 11:37:30 PM main.Main loadFXML
INFO: Session started on: Mon Oct 31 23:37:30 BDT 2016
Oct 31, 2016 11:37:30 PM main.Main loadFXML
INFO:  Successfully loaded FXMLS
Oct 31, 2016 11:37:30 PM main.Main loadStates
INFO: Initial and save dirs successfully loaded
Oct 31, 2016 11:44:23 PM main.Main loadFXML
INFO: Session started on: Mon Oct 31 23:44:23 BDT 2016
Oct 31, 2016 11:44:23 PM main.Main loadFXML
INFO:  Successfully loaded FXMLS
Oct 31, 2016 11:44:23 PM main.Main loadStates
INFO: Initial and save dirs successfully loaded
Oct 31, 2016 11:46:17 PM main.Main main
INFO: Session ending on Mon Oct 31 23:46:17 BDT 2016
