Oct 30, 2016 3:35:58 PM Controller.V1Controller initialize
INFO: fxml1 successfully initiated Sun Oct 30 15:35:58 BDT 2016
Oct 30, 2016 3:55:02 PM Controller.V1Controller initialize
INFO: fxml1 successfully initiated Sun Oct 30 15:55:02 BDT 2016
Oct 31, 2016 10:50:41 PM Controller.V1Controller initialize
INFO: fxml1 successfully initiated Mon Oct 31 22:50:41 BDT 2016
Oct 31, 2016 11:31:03 PM Controller.V1Controller initialize
INFO: fxml1 successfully initiated Mon Oct 31 23:31:03 BDT 2016
Oct 31, 2016 11:37:30 PM Controller.V1Controller initialize
INFO: fxml1 successfully initiated Mon Oct 31 23:37:30 BDT 2016
Oct 31, 2016 11:44:23 PM Controller.V1Controller initialize
INFO: fxml1 successfully initiated Mon Oct 31 23:44:23 BDT 2016
Nov 01, 2016 12:12:29 AM Controller.V1Controller initialize
INFO: fxml1 successfully initiated Tue Nov 01 00:12:29 BDT 2016
Nov 01, 2016 12:17:29 AM Controller.V1Controller initialize
INFO: fxml1 successfully initiated Tue Nov 01 00:17:29 BDT 2016
Nov 01, 2016 12:18:19 AM Controller.V1Controller initialize
INFO: fxml1 successfully initiated Tue Nov 01 00:18:18 BDT 2016
Nov 01, 2016 12:18:37 AM Controller.V1Controller initialize
INFO: fxml1 successfully initiated Tue Nov 01 00:18:37 BDT 2016
Nov 01, 2016 12:18:57 AM Controller.V1Controller initialize
INFO: fxml1 successfully initiated Tue Nov 01 00:18:57 BDT 2016
Nov 01, 2016 12:22:12 AM Controller.V1Controller initialize
INFO: fxml1 successfully initiated Tue Nov 01 00:22:12 BDT 2016
