Oct 30, 2016 3:41:35 PM coreJava.ServerPackage.FileProcessingThread receiveAndProcess
INFO: receiving & processing session started Sun Oct 30 15:41:35 BDT 2016
Oct 30, 2016 3:41:35 PM coreJava.ServerPackage.FileProcessingThread receiveAndProcess
INFO: Client Response: 1
Oct 30, 2016 3:41:37 PM coreJava.ServerPackage.FileProcessingThread run
INFO: Successfully received 21.296975135803223 MB in 21.296975135803223 second(s)
Session ended
Oct 31, 2016 10:52:52 PM coreJava.ServerPackage.FileProcessingThread receiveAndProcess
INFO: receiving & processing session started Mon Oct 31 22:52:52 BDT 2016
Oct 31, 2016 10:52:52 PM coreJava.ServerPackage.FileProcessingThread receiveAndProcess
INFO: Client Response: 6
Oct 31, 2016 10:53:15 PM coreJava.ServerPackage.FileProcessingThread run
INFO: Successfully received 53.40882205963135 MB in 53.40882205963135 second(s)
Session ended
Oct 31, 2016 10:54:52 PM coreJava.ServerPackage.FileProcessingThread receiveAndProcess
INFO: receiving & processing session started Mon Oct 31 22:54:52 BDT 2016
Oct 31, 2016 10:54:53 PM coreJava.ServerPackage.FileProcessingThread receiveAndProcess
INFO: Client Response: 3
Oct 31, 2016 10:54:55 PM coreJava.ServerPackage.FileProcessingThread receiveAndProcess
WARNING: Problem while transferring file..probably file's become corrupted (1)02. Hoshifuru Sora Aogimite.mp3
Oct 31, 2016 10:54:55 PM coreJava.ServerPackage.FileProcessingThread receiveAndProcess
INFO: Connection disconnected by sender
Oct 31, 2016 10:55:04 PM coreJava.ServerPackage.FileProcessingThread receiveAndProcess
INFO: receiving & processing session started Mon Oct 31 22:55:04 BDT 2016
Oct 31, 2016 10:55:04 PM coreJava.ServerPackage.FileProcessingThread receiveAndProcess
INFO: Client Response: 3
Oct 31, 2016 10:55:14 PM coreJava.ServerPackage.FileProcessingThread run
INFO: Successfully received 28.189122200012207 MB in 28.189122200012207 second(s)
Session ended
Oct 31, 2016 10:56:06 PM coreJava.ServerPackage.FileProcessingThread receiveAndProcess
INFO: receiving & processing session started Mon Oct 31 22:56:06 BDT 2016
Oct 31, 2016 10:56:06 PM coreJava.ServerPackage.FileProcessingThread receiveAndProcess
INFO: Client Response: 1
Oct 31, 2016 10:56:06 PM coreJava.ServerPackage.FileProcessingThread run
INFO: Successfully received 1.9073486328125E-6 MB in 1.9073486328125E-6 second(s)
Session ended
Oct 31, 2016 11:32:14 PM coreJava.ServerPackage.FileProcessingThread receiveAndProcess
INFO: receiving & processing session started Mon Oct 31 23:32:14 BDT 2016
Oct 31, 2016 11:32:14 PM coreJava.ServerPackage.FileProcessingThread receiveAndProcess
INFO: Client Response: 1
Oct 31, 2016 11:32:17 PM coreJava.ServerPackage.FileProcessingThread receiveAndProcess
INFO: Successfully received 0.00390625 MB in 0.00390625 second(s)
Session ended
Oct 31, 2016 11:33:53 PM coreJava.ServerPackage.FileProcessingThread receiveAndProcess
INFO: receiving & processing session started Mon Oct 31 23:33:53 BDT 2016
Oct 31, 2016 11:33:53 PM coreJava.ServerPackage.FileProcessingThread receiveAndProcess
INFO: Client Response: 2
Oct 31, 2016 11:34:04 PM coreJava.ServerPackage.FileProcessingThread receiveAndProcess
INFO: Successfully received 21.60170555114746 MB in 21.60170555114746 second(s)
Session ended
Oct 31, 2016 11:38:33 PM coreJava.ServerPackage.FileProcessingThread receiveAndProcess
INFO: receiving & processing session started Mon Oct 31 23:38:33 BDT 2016
Oct 31, 2016 11:38:33 PM coreJava.ServerPackage.FileProcessingThread receiveAndProcess
INFO: Client Response: 1
Oct 31, 2016 11:38:33 PM coreJava.ServerPackage.FileProcessingThread receiveAndProcess
INFO: Successfully received 0.0 MB in 0.0 second(s)
Session ended
Oct 31, 2016 11:38:44 PM coreJava.ServerPackage.FileProcessingThread receiveAndProcess
INFO: receiving & processing session started Mon Oct 31 23:38:44 BDT 2016
Oct 31, 2016 11:38:44 PM coreJava.ServerPackage.FileProcessingThread receiveAndProcess
INFO: Client Response: 1
Oct 31, 2016 11:38:46 PM coreJava.ServerPackage.FileProcessingThread receiveAndProcess
INFO: Successfully received 0.4432716369628906 MB in 0.4432716369628906 second(s)
Session ended
Oct 31, 2016 11:42:47 PM coreJava.ServerPackage.FileProcessingThread receiveAndProcess
INFO: receiving & processing session started Mon Oct 31 23:42:47 BDT 2016
Oct 31, 2016 11:42:47 PM coreJava.ServerPackage.FileProcessingThread receiveAndProcess
INFO: Client Response: 2
Oct 31, 2016 11:42:54 PM coreJava.ServerPackage.FileProcessingThread receiveAndProcess
INFO: Successfully received 23.18976593017578 MB in 23.18976593017578 second(s)
Session ended
Oct 31, 2016 11:44:39 PM coreJava.ServerPackage.FileProcessingThread receiveAndProcess
INFO: receiving & processing session started Mon Oct 31 23:44:39 BDT 2016
Oct 31, 2016 11:44:39 PM coreJava.ServerPackage.FileProcessingThread receiveAndProcess
INFO: Client Response: 5
Oct 31, 2016 11:44:55 PM coreJava.ServerPackage.FileProcessingThread receiveAndProcess
INFO: Successfully received 50.7330322265625 MB in 50.7330322265625 second(s)
Session ended
