Oct 30, 2016 3:35:58 PM main.Main loadFXML
INFO: Session started on: Sun Oct 30 15:35:58 BDT 2016
Oct 30, 2016 3:35:58 PM main.Main loadFXML
INFO:  Successfully loaded FXMLS
Oct 30, 2016 3:35:58 PM main.Main helperLoad
INFO: Initial and save dirs reset
Oct 30, 2016 3:42:28 PM main.Main main
INFO: Session ending on Sun Oct 30 15:42:28 BDT 2016
Oct 30, 2016 3:55:03 PM main.Main loadFXML
INFO: Session started on: Sun Oct 30 15:55:03 BDT 2016
Oct 30, 2016 3:55:03 PM main.Main loadFXML
INFO:  Successfully loaded FXMLS
Oct 30, 2016 3:55:03 PM main.Main loadStates
INFO: Initial and save dirs successfully loaded
Oct 30, 2016 3:55:08 PM main.Main main
INFO: Session ending on Sun Oct 30 15:55:08 BDT 2016
Oct 31, 2016 10:50:42 PM main.Main loadFXML
INFO: Session started on: Mon Oct 31 22:50:42 BDT 2016
Oct 31, 2016 10:50:42 PM main.Main loadFXML
INFO:  Successfully loaded FXMLS
Oct 31, 2016 10:50:42 PM main.Main loadStates
INFO: Initial and save dirs successfully loaded
Oct 31, 2016 11:31:04 PM main.Main loadFXML
INFO: Session started on: Mon Oct 31 23:31:04 BDT 2016
Oct 31, 2016 11:31:04 PM main.Main loadFXML
INFO:  Successfully loaded FXMLS
Oct 31, 2016 11:31:04 PM main.Main loadStates
INFO: Initial and save dirs successfully loaded
Oct 31, 2016 11:34:27 PM main.Main main
INFO: Session ending on Mon Oct 31 23:34:27 BDT 2016
Oct 31, 2016 11:37:30 PM main.Main loadFXML
INFO: Session started on: Mon Oct 31 23:37:30 BDT 2016
Oct 31, 2016 11:37:30 PM main.Main loadFXML
INFO:  Successfully loaded FXMLS
Oct 31, 2016 11:37:30 PM main.Main loadStates
INFO: Initial and save dirs successfully loaded
Oct 31, 2016 11:44:23 PM main.Main loadFXML
INFO: Session started on: Mon Oct 31 23:44:23 BDT 2016
Oct 31, 2016 11:44:23 PM main.Main loadFXML
INFO:  Successfully loaded FXMLS
Oct 31, 2016 11:44:23 PM main.Main loadStates
INFO: Initial and save dirs successfully loaded
Oct 31, 2016 11:46:17 PM main.Main main
INFO: Session ending on Mon Oct 31 23:46:17 BDT 2016
Nov 01, 2016 12:12:29 AM main.Main loadFXML
INFO: Session started on: Tue Nov 01 00:12:29 BDT 2016
Nov 01, 2016 12:12:29 AM main.Main loadFXML
INFO:  Successfully loaded FXMLS
Nov 01, 2016 12:12:29 AM main.Main loadStates
INFO: Initial and save dirs successfully loaded
Nov 01, 2016 12:12:35 AM main.Main main
INFO: Session ending on Tue Nov 01 00:12:35 BDT 2016
Nov 01, 2016 12:17:29 AM main.Main loadFXML
INFO: Session started on: Tue Nov 01 00:17:29 BDT 2016
Nov 01, 2016 12:17:29 AM main.Main loadFXML
INFO:  Successfully loaded FXMLS
Nov 01, 2016 12:17:29 AM main.Main loadStates
INFO: Initial and save dirs successfully loaded
Nov 01, 2016 12:18:38 AM main.Main loadFXML
INFO: Session started on: Tue Nov 01 00:18:38 BDT 2016
Nov 01, 2016 12:18:38 AM main.Main loadFXML
INFO:  Successfully loaded FXMLS
Nov 01, 2016 12:18:38 AM main.Main loadStates
INFO: Initial and save dirs successfully loaded
Nov 01, 2016 12:18:50 AM main.Main main
INFO: Session ending on Tue Nov 01 00:18:50 BDT 2016
Nov 01, 2016 12:18:58 AM main.Main loadFXML
INFO: Session started on: Tue Nov 01 00:18:58 BDT 2016
Nov 01, 2016 12:18:58 AM main.Main loadFXML
INFO:  Successfully loaded FXMLS
Nov 01, 2016 12:18:58 AM main.Main loadStates
INFO: Initial and save dirs successfully loaded
Nov 01, 2016 12:19:14 AM main.Main main
INFO: Session ending on Tue Nov 01 00:19:14 BDT 2016
Nov 01, 2016 12:22:13 AM main.Main loadFXML
INFO: Session started on: Tue Nov 01 00:22:13 BDT 2016
Nov 01, 2016 12:22:13 AM main.Main loadFXML
INFO:  Successfully loaded FXMLS
Nov 01, 2016 12:22:13 AM main.Main loadStates
INFO: Initial and save dirs successfully loaded
Nov 01, 2016 12:22:23 AM main.Main main
INFO: Session ending on Tue Nov 01 00:22:23 BDT 2016
